0 info it worked if it ends with ok
1 verbose cli [ '/usr/bin/node', '/usr/bin/npm', 'install', '-i', 'vue-temp' ]
2 info using npm@3.5.2
3 info using node@v8.10.0
4 silly loadCurrentTree Starting
5 silly install loadCurrentTree
6 silly install readLocalPackageData
7 silly fetchPackageMetaData vue-temp
8 silly fetchNamedPackageData vue-temp
9 silly mapToRegistry name vue-temp
10 silly mapToRegistry using default registry
11 silly mapToRegistry registry https://registry.npmjs.org/
12 silly mapToRegistry uri https://registry.npmjs.org/vue-temp
13 verbose request uri https://registry.npmjs.org/vue-temp
14 verbose request no auth needed
15 info attempt registry request try #1 at 10:47:16 a. m.
16 verbose request id 11a189d505433751
17 verbose etag W/"cbaaa980665d5378d45d40d688a318bf"
18 verbose lastModified Sun, 27 May 2018 21:20:52 GMT
19 http request GET https://registry.npmjs.org/vue-temp
20 http 304 https://registry.npmjs.org/vue-temp
21 verbose headers { date: 'Fri, 18 Sep 2020 15:47:16 GMT',
21 verbose headers   connection: 'keep-alive',
21 verbose headers   'set-cookie':
21 verbose headers    [ '__cfduid=d2c7402fbb4baf1272aedbb9a5b119c6c1600444036; expires=Sun, 18-Oct-20 15:47:16 GMT; path=/; domain=.npmjs.org; HttpOnly; SameSite=Lax' ],
21 verbose headers   'cf-ray': '5d4c3459ed56f887-MDE',
21 verbose headers   age: '20',
21 verbose headers   'cache-control': 'public, max-age=300',
21 verbose headers   etag: '"cbaaa980665d5378d45d40d688a318bf"',
21 verbose headers   'last-modified': 'Sun, 27 May 2018 21:20:52 GMT',
21 verbose headers   vary: 'Accept-Encoding',
21 verbose headers   'cf-cache-status': 'HIT',
21 verbose headers   'cf-request-id': '05437f0c2e0000f887d33b5200000001',
21 verbose headers   'expect-ct': 'max-age=604800, report-uri="https://report-uri.cloudflare.com/cdn-cgi/beacon/expect-ct"',
21 verbose headers   server: 'cloudflare' }
22 silly get cb [ 304,
22 silly get   { date: 'Fri, 18 Sep 2020 15:47:16 GMT',
22 silly get     connection: 'keep-alive',
22 silly get     'set-cookie':
22 silly get      [ '__cfduid=d2c7402fbb4baf1272aedbb9a5b119c6c1600444036; expires=Sun, 18-Oct-20 15:47:16 GMT; path=/; domain=.npmjs.org; HttpOnly; SameSite=Lax' ],
22 silly get     'cf-ray': '5d4c3459ed56f887-MDE',
22 silly get     age: '20',
22 silly get     'cache-control': 'public, max-age=300',
22 silly get     etag: '"cbaaa980665d5378d45d40d688a318bf"',
22 silly get     'last-modified': 'Sun, 27 May 2018 21:20:52 GMT',
22 silly get     vary: 'Accept-Encoding',
22 silly get     'cf-cache-status': 'HIT',
22 silly get     'cf-request-id': '05437f0c2e0000f887d33b5200000001',
22 silly get     'expect-ct': 'max-age=604800, report-uri="https://report-uri.cloudflare.com/cdn-cgi/beacon/expect-ct"',
22 silly get     server: 'cloudflare' } ]
23 verbose etag https://registry.npmjs.org/vue-temp from cache
24 verbose get saving vue-temp to /root/.npm/registry.npmjs.org/vue-temp/.cache.json
25 verbose stack TypeError: Cannot convert undefined or null to object
25 verbose stack     at Function.keys (<anonymous>)
25 verbose stack     at pickVersionFromRegistryDocument (/usr/share/npm/lib/fetch-package-metadata.js:121:29)
25 verbose stack     at /usr/share/npm/node_modules/iferr/index.js:13:50
25 verbose stack     at /usr/share/npm/lib/utils/pulse-till-done.js:19:8
25 verbose stack     at saved (/usr/share/npm/lib/cache/caching-client.js:168:7)
25 verbose stack     at /usr/share/npm/node_modules/graceful-fs/polyfills.js:210:7
25 verbose stack     at FSReqWrap.oncomplete (fs.js:135:15)
26 verbose cwd /home/gestion/app-vm
27 error Linux 4.15.0-112-generic
28 error argv "/usr/bin/node" "/usr/bin/npm" "install" "-i" "vue-temp"
29 error node v8.10.0
30 error npm  v3.5.2
31 error Cannot convert undefined or null to object
32 error If you need help, you may report this error at:
32 error     <https://github.com/npm/npm/issues>
33 verbose exit [ 1, true ]
